<?xml version="1.0" encoding="UTF-8"?>
<!-- Generated by org.testng.reporters.JUnitReportReporter -->
<testsuite skipped="0" hostname="Admin-PC" name="com.automationTestcases.LoginCRM" tests="1" failures="0" timestamp="23 Jun 2021 17:37:01 GMT" time="3.527" errors="0">
  <testcase name="logInapp" time="3.527" classname="com.automationTestcases.LoginCRM"/>
</testsuite> <!-- com.automationTestcases.LoginCRM -->
